<?xml version="1.0" encoding="UTF-8"?>
<testsuite xmlns:xsi="http://www.w3.org/2001/XMLSchema-instance" xsi:noNamespaceSchemaLocation="https://maven.apache.org/surefire/maven-surefire-plugin/xsd/surefire-test-report-3.0.xsd" version="3.0" name="com.innovision.productivityhub.AppTest" time="7.907" tests="1" errors="0" skipped="0" failures="0">
  <properties>
[...]
</properties>
  <testcase name="contextLoads" classname="com.innovision.productivityhub.AppTest" time="0.357">
    <system-out><![CDATA[16:39:30.170 [main] INFO org.springframework.test.context.support.AnnotationConfigContextLoaderUtils -- Could not detect default configuration classes for test class [com.innovision.productivityhub.AppTest]: AppTest does not declare any static, non-private, non-final, nested classes annotated with @Configuration.
16:39:30.269 [main] INFO org.springframework.boot.test.context.SpringBootTestContextBootstrapper -- Found @SpringBootConfiguration com.innovision.productivityhub.ProductivityHubApplication for test class com.innovision.productivityhub.AppTest

  .   ____          _            __ _ _
 /\\ / ___'_ __ _ _(_)_ __  __ _ \ \ \ \
( ( )\___ | '_ | '_| | '_ \/ _` | \ \ \ \
 \\/  ___)| |_)| | | | | || (_| |  ) ) ) )
  '  |____| .__|_| |_|_| |_\__, | / / / /
 =========|_|==============|___/=/_/_/_/
 :: Spring Boot ::                (v3.2.2)

2026-01-18T16:39:30.575Z  INFO 66960 --- [productivity-hub] [           main] com.innovision.productivityhub.AppTest   : Starting AppTest using Java 25.0.1 with PID 66960 (started by codespace in /workspaces/task-manager-fullstack/backend)
2026-01-18T16:39:30.577Z  INFO 66960 --- [productivity-hub] [           main] com.innovision.productivityhub.AppTest   : No active profile set, falling back to 1 default profile: "default"
2026-01-18T16:39:31.424Z  INFO 66960 --- [productivity-hub] [           main] .s.d.r.c.RepositoryConfigurationDelegate : Bootstrapping Spring Data JPA repositories in DEFAULT mode.
2026-01-18T16:39:31.478Z  INFO 66960 --- [productivity-hub] [           main] .s.d.r.c.RepositoryConfigurationDelegate : Finished Spring Data repository scanning in 48 ms. Found 13 JPA repository interfaces.
2026-01-18T16:39:32.091Z  INFO 66960 --- [productivity-hub] [           main] o.hibernate.jpa.internal.util.LogHelper  : HHH000204: Processing PersistenceUnitInfo [name: default]
2026-01-18T16:39:32.142Z  INFO 66960 --- [productivity-hub] [           main] org.hibernate.Version                    : HHH000412: Hibernate ORM core version 6.4.1.Final
2026-01-18T16:39:32.174Z  INFO 66960 --- [productivity-hub] [           main] o.h.c.internal.RegionFactoryInitiator    : HHH000026: Second-level cache disabled
2026-01-18T16:39:32.341Z  INFO 66960 --- [productivity-hub] [           main] o.s.o.j.p.SpringPersistenceUnitInfo      : No LoadTimeWeaver setup: ignoring JPA class transformer
2026-01-18T16:39:32.358Z  INFO 66960 --- [productivity-hub] [           main] com.zaxxer.hikari.HikariDataSource       : HikariPool-1 - Starting...
2026-01-18T16:39:32.481Z  INFO 66960 --- [productivity-hub] [           main] com.zaxxer.hikari.pool.HikariPool        : HikariPool-1 - Added connection com.mysql.cj.jdbc.ConnectionImpl@8b89b3a
2026-01-18T16:39:32.483Z  INFO 66960 --- [productivity-hub] [           main] com.zaxxer.hikari.HikariDataSource       : HikariPool-1 - Start completed.
2026-01-18T16:39:32.517Z  WARN 66960 --- [productivity-hub] [           main] org.hibernate.orm.deprecation            : HHH90000025: MySQLDialect does not need to be specified explicitly using 'hibernate.dialect' (remove the property setting and it will be selected by default)
2026-01-18T16:39:33.462Z  INFO 66960 --- [productivity-hub] [           main] o.h.e.t.j.p.i.JtaPlatformInitiator       : HHH000489: No JTA platform available (set 'hibernate.transaction.jta.platform' to enable JTA platform integration)
Hibernate: 
    alter table activity_logs 
       drop 
       foreign key FK5wnh8r1e5ffup2wu2shpwywak
Hibernate: 
    alter table chat_messages 
       drop 
       foreign key FKp9abl798sxk8na4uw32wnue8h
Hibernate: 
    alter table chat_messages 
       drop 
       foreign key FKgiqeap8ays4lf684x7m0r2729
Hibernate: 
    alter table document_versions 
       drop 
       foreign key FKi6p7dgv96b8s8ivf84hqo9pt
Hibernate: 
    alter table document_versions 
       drop 
       foreign key FKr361fblakihskokb73io69k6s
Hibernate: 
    alter table documents 
       drop 
       foreign key FKbysy2ocl3wm61q5jnqx87qlid
Hibernate: 
    alter table documents 
       drop 
       foreign key FKn3yorpjknmi88ikdmdrrkrp0g
Hibernate: 
    alter table file_versions 
       drop 
       foreign key FK7tmjd14s2c08iub80bjto5t38
Hibernate: 
    alter table file_versions 
       drop 
       foreign key FKey6q47pa6c8xcky778vwhagy4
Hibernate: 
    alter table files 
       drop 
       foreign key FKncpjdlvw4479eu6qnh5a4fo9t
Hibernate: 
    alter table goals 
       drop 
       foreign key FKn6omg5d8kj8l5ois2mhtdii9n
Hibernate: 
    alter table goals 
       drop 
       foreign key FKf9r1d2qvljqd65eblm1tt66tx
Hibernate: 
    alter table messages 
       drop 
       foreign key FKiasav0fqhcy7ghjy0rwyh9ydn
Hibernate: 
    alter table messages 
       drop 
       foreign key FK4ui4nnwntodh6wjvck53dbk9m
Hibernate: 
    alter table notifications 
       drop 
       foreign key FKqqnsjxlwleyjbxlmm213jaj3f
Hibernate: 
    alter table projects 
       drop 
       foreign key FKmqih0928bq6r3gbuh47giq8w
Hibernate: 
    alter table task_assignees 
       drop 
       foreign key FKafus7qmwfnqqhkpqquxx23xmq
Hibernate: 
    alter table task_assignees 
       drop 
       foreign key FKs0jy5sv972lpa2wfx95m7xebb
Hibernate: 
    alter table task_tags 
       drop 
       foreign key FK7xi1reghkj37gqwlr1ujxrxll
Hibernate: 
    alter table tasks 
       drop 
       foreign key FKsfhn82y57i3k9uxww1s007acc
Hibernate: 
    alter table team_members 
       drop 
       foreign key FKtgca08el3ofisywcf11f0f76t
Hibernate: 
    alter table team_members 
       drop 
       foreign key FKee8x7x5026imwmma9kndkxs36
Hibernate: 
    drop table if exists activity_logs
Hibernate: 
    drop table if exists chat_messages
Hibernate: 
    drop table if exists document_versions
Hibernate: 
    drop table if exists documents
Hibernate: 
    drop table if exists file_versions
Hibernate: 
    drop table if exists files
Hibernate: 
    drop table if exists goals
Hibernate: 
    drop table if exists messages
Hibernate: 
    drop table if exists notifications
Hibernate: 
    drop table if exists projects
Hibernate: 
    drop table if exists task_assignees
Hibernate: 
    drop table if exists task_tags
Hibernate: 
    drop table if exists tasks
Hibernate: 
    drop table if exists team_members
Hibernate: 
    drop table if exists teams
Hibernate: 
    drop table if exists users
Hibernate: 
    create table activity_logs (
        actor_id bigint,
        created_at datetime(6) not null,
        id bigint not null auto_increment,
        updated_at datetime(6) not null,
        action varchar(255),
        details varchar(255),
        severity varchar(255),
        primary key (id)
    ) engine=InnoDB
Hibernate: 
    create table chat_messages (
        created_at datetime(6) not null,
        id bigint not null auto_increment,
        project_id bigint,
        sender_id bigint,
        updated_at datetime(6) not null,
        content varchar(255),
        type varchar(255),
        primary key (id)
    ) engine=InnoDB
Hibernate: 
    create table document_versions (
        version_number integer not null,
        created_at datetime(6) not null,
        document_id bigint,
        edited_by_id bigint,
        id bigint not null auto_increment,
        updated_at datetime(6) not null,
        change_description varchar(255),
        content TEXT,
        primary key (id)
    ) engine=InnoDB
Hibernate: 
    create table documents (
        archived bit not null,
        version integer not null,
        created_at datetime(6) not null,
        id bigint not null auto_increment,
        last_edited_by_id bigint,
        project_id bigint,
        updated_at datetime(6) not null,
        title varchar(255),
        content TEXT,
        primary key (id)
    ) engine=InnoDB
Hibernate: 
    create table file_versions (
        created_at datetime(6) not null,
        file_item_id bigint,
        id bigint not null auto_increment,
        size_in_bytes bigint not null,
        updated_at datetime(6) not null,
        uploaded_by_id bigint,
        storage_path varchar(255),
        version_label varchar(255),
        primary key (id)
    ) engine=InnoDB
Hibernate: 
    create table files (
        created_at datetime(6) not null,
        id bigint not null auto_increment,
        project_id bigint,
        size_in_bytes bigint not null,
        updated_at datetime(6) not null,
        content_type varchar(255),
        name varchar(255),
        storage_path varchar(255),
        primary key (id)
    ) engine=InnoDB
Hibernate: 
    create table goals (
        current_value integer not null,
        target_value integer not null,
        created_at datetime(6) not null,
        id bigint not null auto_increment,
        owner_id bigint,
        team_id bigint,
        updated_at datetime(6) not null,
        description varchar(255),
        title varchar(255),
        status enum ('NOT_STARTED','IN_PROGRESS','COMPLETED','BLOCKED'),
        primary key (id)
    ) engine=InnoDB
Hibernate: 
    create table messages (
        created_at datetime(6) not null,
        id bigint not null auto_increment,
        project_id bigint,
        sender_id bigint,
        updated_at datetime(6) not null,
        channel varchar(255),
        content varchar(255),
        primary key (id)
    ) engine=InnoDB
Hibernate: 
    create table notifications (
        read_flag bit not null,
        created_at datetime(6) not null,
        id bigint not null auto_increment,
        recipient_id bigint,
        updated_at datetime(6) not null,
        link varchar(255),
        message varchar(255),
        type enum ('TASK','SYSTEM','DEADLINE','MESSAGE'),
        primary key (id)
    ) engine=InnoDB
Hibernate: 
    create table projects (
        end_date date,
        start_date date,
        created_at datetime(6) not null,
        id bigint not null auto_increment,
        team_id bigint,
        updated_at datetime(6) not null,
        description varchar(255),
        name varchar(255),
        status varchar(255),
        primary key (id)
    ) engine=InnoDB
Hibernate: 
    create table task_assignees (
        task_id bigint not null,
        user_id bigint not null,
        primary key (task_id, user_id)
    ) engine=InnoDB
Hibernate: 
    create table task_tags (
        task_id bigint not null,
        tags varchar(255)
    ) engine=InnoDB
Hibernate: 
    create table tasks (
        due_date date,
        start_date date,
        created_at datetime(6) not null,
        id bigint not null auto_increment,
        project_id bigint,
        updated_at datetime(6) not null,
        description varchar(255),
        title varchar(255),
        priority enum ('LOW','MEDIUM','HIGH','CRITICAL'),
        status enum ('TODO','IN_PROGRESS','REVIEW','DONE'),
        primary key (id)
    ) engine=InnoDB
Hibernate: 
    create table team_members (
        team_id bigint not null,
        user_id bigint not null,
        primary key (team_id, user_id)
    ) engine=InnoDB
Hibernate: 
    create table teams (
        created_at datetime(6) not null,
        id bigint not null auto_increment,
        updated_at datetime(6) not null,
        description varchar(255),
        name varchar(255),
        primary key (id)
    ) engine=InnoDB
Hibernate: 
    create table users (
        active bit not null,
        created_at datetime(6) not null,
        id bigint not null auto_increment,
        updated_at datetime(6) not null,
        avatar_url varchar(255),
        email varchar(255) not null,
        name varchar(255),
        password varchar(255),
        title varchar(255),
        role enum ('ADMIN','MEMBER'),
        primary key (id)
    ) engine=InnoDB
Hibernate: 
    alter table users 
       add constraint UK_6dotkott2kjsp8vw4d0m25fb7 unique (email)
Hibernate: 
    alter table activity_logs 
       add constraint FK5wnh8r1e5ffup2wu2shpwywak 
       foreign key (actor_id) 
       references users (id)
Hibernate: 
    alter table chat_messages 
       add constraint FKp9abl798sxk8na4uw32wnue8h 
       foreign key (project_id) 
       references projects (id)
Hibernate: 
    alter table chat_messages 
       add constraint FKgiqeap8ays4lf684x7m0r2729 
       foreign key (sender_id) 
       references users (id)
Hibernate: 
    alter table document_versions 
       add constraint FKi6p7dgv96b8s8ivf84hqo9pt 
       foreign key (document_id) 
       references documents (id)
Hibernate: 
    alter table document_versions 
       add constraint FKr361fblakihskokb73io69k6s 
       foreign key (edited_by_id) 
       references users (id)
Hibernate: 
    alter table documents 
       add constraint FKbysy2ocl3wm61q5jnqx87qlid 
       foreign key (last_edited_by_id) 
       references users (id)
Hibernate: 
    alter table documents 
       add constraint FKn3yorpjknmi88ikdmdrrkrp0g 
       foreign key (project_id) 
       references projects (id)
Hibernate: 
    alter table file_versions 
       add constraint FK7tmjd14s2c08iub80bjto5t38 
       foreign key (file_item_id) 
       references files (id)
Hibernate: 
    alter table file_versions 
       add constraint FKey6q47pa6c8xcky778vwhagy4 
       foreign key (uploaded_by_id) 
       references users (id)
Hibernate: 
    alter table files 
       add constraint FKncpjdlvw4479eu6qnh5a4fo9t 
       foreign key (project_id) 
       references projects (id)
Hibernate: 
    alter table goals 
       add constraint FKn6omg5d8kj8l5ois2mhtdii9n 
       foreign key (owner_id) 
       references users (id)
Hibernate: 
    alter table goals 
       add constraint FKf9r1d2qvljqd65eblm1tt66tx 
       foreign key (team_id) 
       references teams (id)
Hibernate: 
    alter table messages 
       add constraint FKiasav0fqhcy7ghjy0rwyh9ydn 
       foreign key (project_id) 
       references projects (id)
Hibernate: 
    alter table messages 
       add constraint FK4ui4nnwntodh6wjvck53dbk9m 
       foreign key (sender_id) 
       references users (id)
Hibernate: 
    alter table notifications 
       add constraint FKqqnsjxlwleyjbxlmm213jaj3f 
       foreign key (recipient_id) 
       references users (id)
Hibernate: 
    alter table projects 
       add constraint FKmqih0928bq6r3gbuh47giq8w 
       foreign key (team_id) 
       references teams (id)
Hibernate: 
    alter table task_assignees 
       add constraint FKafus7qmwfnqqhkpqquxx23xmq 
       foreign key (user_id) 
       references users (id)
Hibernate: 
    alter table task_assignees 
       add constraint FKs0jy5sv972lpa2wfx95m7xebb 
       foreign key (task_id) 
       references tasks (id)
Hibernate: 
    alter table task_tags 
       add constraint FK7xi1reghkj37gqwlr1ujxrxll 
       foreign key (task_id) 
       references tasks (id)
Hibernate: 
    alter table tasks 
       add constraint FKsfhn82y57i3k9uxww1s007acc 
       foreign key (project_id) 
       references projects (id)
Hibernate: 
    alter table team_members 
       add constraint FKtgca08el3ofisywcf11f0f76t 
       foreign key (team_id) 
       references teams (id)
Hibernate: 
    alter table team_members 
       add constraint FKee8x7x5026imwmma9kndkxs36 
       foreign key (user_id) 
       references users (id)
2026-01-18T16:39:35.221Z  INFO 66960 --- [productivity-hub] [           main] j.LocalContainerEntityManagerFactoryBean : Initialized JPA EntityManagerFactory for persistence unit 'default'
2026-01-18T16:39:35.882Z  INFO 66960 --- [productivity-hub] [           main] o.s.d.j.r.query.QueryEnhancerFactory     : Hibernate is in classpath; If applicable, HQL parser will be used.
2026-01-18T16:39:36.533Z  WARN 66960 --- [productivity-hub] [           main] JpaBaseConfiguration$JpaWebConfiguration : spring.jpa.open-in-view is enabled by default. Therefore, database queries may be performed during view rendering. Explicitly configure spring.jpa.open-in-view to disable this warning
2026-01-18T16:39:36.882Z  INFO 66960 --- [productivity-hub] [           main] o.s.b.a.e.web.EndpointLinksResolver      : Exposing 1 endpoint(s) beneath base path '/actuator'
2026-01-18T16:39:36.992Z  INFO 66960 --- [productivity-hub] [           main] o.s.s.web.DefaultSecurityFilterChain     : Will secure any request with [org.springframework.security.web.session.DisableEncodeUrlFilter@732d2b59, org.springframework.security.web.context.request.async.WebAsyncManagerIntegrationFilter@1c1e971c, org.springframework.security.web.context.SecurityContextHolderFilter@4967fabe, org.springframework.security.web.header.HeaderWriterFilter@3698f2ed, org.springframework.web.filter.CorsFilter@abce494, org.springframework.security.web.authentication.logout.LogoutFilter@10a199e0, com.innovision.productivityhub.security.JwtAuthenticationFilter@66075347, org.springframework.security.web.savedrequest.RequestCacheAwareFilter@1c68601b, org.springframework.security.web.servletapi.SecurityContextHolderAwareRequestFilter@4da454a7, org.springframework.security.web.authentication.AnonymousAuthenticationFilter@65b869b4, org.springframework.security.web.session.SessionManagementFilter@2df491be, org.springframework.security.web.access.ExceptionTranslationFilter@5a558335, org.springframework.security.web.access.intercept.AuthorizationFilter@1582dfec]
2026-01-18T16:39:37.382Z  INFO 66960 --- [productivity-hub] [           main] o.s.b.a.h2.H2ConsoleAutoConfiguration    : H2 console available at '/h2-console'. Database available at 'jdbc:mysql://localhost:3306/productivity_hub?createDatabaseIfNotExist=true&useSSL=false&allowPublicKeyRetrieval=true'
2026-01-18T16:39:37.512Z  INFO 66960 --- [productivity-hub] [           main] o.s.m.s.b.SimpleBrokerMessageHandler     : Starting...
2026-01-18T16:39:37.513Z  INFO 66960 --- [productivity-hub] [           main] o.s.m.s.b.SimpleBrokerMessageHandler     : BrokerAvailabilityEvent[available=true, SimpleBrokerMessageHandler [org.springframework.messaging.simp.broker.DefaultSubscriptionRegistry@3a2e8c6a]]
2026-01-18T16:39:37.513Z  INFO 66960 --- [productivity-hub] [           main] o.s.m.s.b.SimpleBrokerMessageHandler     : Started.
2026-01-18T16:39:37.529Z  INFO 66960 --- [productivity-hub] [           main] com.innovision.productivityhub.AppTest   : Started AppTest in 7.161 seconds (process running for 8.177)
]]></system-out>
    <system-err><![CDATA[WARNING: A Java agent has been loaded dynamically (/home/codespace/.m2/repository/net/bytebuddy/byte-buddy-agent/1.14.11/byte-buddy-agent-1.14.11.jar)
WARNING: If a serviceability tool is in use, please run with -XX:+EnableDynamicAgentLoading to hide this warning
WARNING: If a serviceability tool is not in use, please run with -Djdk.instrument.traceUsage for more information
WARNING: Dynamic loading of agents will be disallowed by default in a future release
]]></system-err>
  </testcase>
</testsuite>